Copyright 1986-2022 Xilinx, Inc. All Rights Reserved. Copyright 2022-2024 Advanced Micro Devices, Inc. All Rights Reserved.
---------------------------------------------------------------------------------------------------------------------------------------------
| Tool Version : Vivado v.2024.2 (lin64) Build 5239630 Fri Nov 08 22:34:34 MST 2024
| Date         : Sun May  4 05:29:10 2025
| Host         : pablo-Sword-17-HX-B14VFKG running 64-bit Ubuntu 24.04.1 LTS
| Command      : upgrade_ip
| Device       : xc7z020clg400-1
---------------------------------------------------------------------------------------------------------------------------------------------

Upgrade Log for IP 'design_1_conv_ip_1_2'

1. Summary
----------

SUCCESS in the upgrade of design_1_conv_ip_1_2 (user.org:user:conv_ip:1.0) from (Rev. 6) to (Rev. 7)






Copyright 1986-2022 Xilinx, Inc. All Rights Reserved. Copyright 2022-2024 Advanced Micro Devices, Inc. All Rights Reserved.
---------------------------------------------------------------------------------------------------------------------------------------------
| Tool Version : Vivado v.2024.2 (lin64) Build 5239630 Fri Nov 08 22:34:34 MST 2024
| Date         : Sun May  4 05:29:10 2025
| Host         : pablo-Sword-17-HX-B14VFKG running 64-bit Ubuntu 24.04.1 LTS
| Command      : upgrade_ip
| Device       : xc7z020clg400-1
---------------------------------------------------------------------------------------------------------------------------------------------

Upgrade Log for IP 'design_1_conv_ip_1_1'

1. Summary
----------

SUCCESS in the upgrade of design_1_conv_ip_1_1 (user.org:user:conv_ip:1.0) from (Rev. 6) to (Rev. 7)






Copyright 1986-2022 Xilinx, Inc. All Rights Reserved. Copyright 2022-2024 Advanced Micro Devices, Inc. All Rights Reserved.
---------------------------------------------------------------------------------------------------------------------------------------------
| Tool Version : Vivado v.2024.2 (lin64) Build 5239630 Fri Nov 08 22:34:34 MST 2024
| Date         : Sun May  4 05:29:10 2025
| Host         : pablo-Sword-17-HX-B14VFKG running 64-bit Ubuntu 24.04.1 LTS
| Command      : upgrade_ip
| Device       : xc7z020clg400-1
---------------------------------------------------------------------------------------------------------------------------------------------

Upgrade Log for IP 'design_1_conv_ip_1_0'

1. Summary
----------

SUCCESS in the upgrade of design_1_conv_ip_1_0 (user.org:user:conv_ip:1.0) from (Rev. 6) to (Rev. 7)






Copyright 1986-2022 Xilinx, Inc. All Rights Reserved. Copyright 2022-2024 Advanced Micro Devices, Inc. All Rights Reserved.
---------------------------------------------------------------------------------------------------------------------------------------------
| Tool Version : Vivado v.2024.2 (lin64) Build 5239630 Fri Nov 08 22:34:34 MST 2024
| Date         : Sun May  4 05:29:10 2025
| Host         : pablo-Sword-17-HX-B14VFKG running 64-bit Ubuntu 24.04.1 LTS
| Command      : upgrade_ip
| Device       : xc7z020clg400-1
---------------------------------------------------------------------------------------------------------------------------------------------

Upgrade Log for IP 'design_1_conv_ip_0_0'

1. Summary
----------

SUCCESS in the upgrade of design_1_conv_ip_0_0 (user.org:user:conv_ip:1.0) from (Rev. 6) to (Rev. 7)






Copyright 1986-2022 Xilinx, Inc. All Rights Reserved. Copyright 2022-2024 Advanced Micro Devices, Inc. All Rights Reserved.
---------------------------------------------------------------------------------------------------------------------------------------------
| Tool Version : Vivado v.2024.2 (lin64) Build 5239630 Fri Nov 08 22:34:34 MST 2024
| Date         : Sun May  4 05:10:48 2025
| Host         : pablo-Sword-17-HX-B14VFKG running 64-bit Ubuntu 24.04.1 LTS
| Command      : upgrade_ip
| Device       : xc7z020clg400-1
---------------------------------------------------------------------------------------------------------------------------------------------

Upgrade Log for IP 'design_1_conv_ip_1_2'

1. Summary
----------

SUCCESS in the upgrade of design_1_conv_ip_1_2 (user.org:user:conv_ip:1.0) from (Rev. 5) to (Rev. 6)






Copyright 1986-2022 Xilinx, Inc. All Rights Reserved. Copyright 2022-2024 Advanced Micro Devices, Inc. All Rights Reserved.
---------------------------------------------------------------------------------------------------------------------------------------------
| Tool Version : Vivado v.2024.2 (lin64) Build 5239630 Fri Nov 08 22:34:34 MST 2024
| Date         : Sun May  4 05:10:48 2025
| Host         : pablo-Sword-17-HX-B14VFKG running 64-bit Ubuntu 24.04.1 LTS
| Command      : upgrade_ip
| Device       : xc7z020clg400-1
---------------------------------------------------------------------------------------------------------------------------------------------

Upgrade Log for IP 'design_1_conv_ip_1_1'

1. Summary
----------

SUCCESS in the upgrade of design_1_conv_ip_1_1 (user.org:user:conv_ip:1.0) from (Rev. 5) to (Rev. 6)






Copyright 1986-2022 Xilinx, Inc. All Rights Reserved. Copyright 2022-2024 Advanced Micro Devices, Inc. All Rights Reserved.
---------------------------------------------------------------------------------------------------------------------------------------------
| Tool Version : Vivado v.2024.2 (lin64) Build 5239630 Fri Nov 08 22:34:34 MST 2024
| Date         : Sun May  4 05:10:48 2025
| Host         : pablo-Sword-17-HX-B14VFKG running 64-bit Ubuntu 24.04.1 LTS
| Command      : upgrade_ip
| Device       : xc7z020clg400-1
---------------------------------------------------------------------------------------------------------------------------------------------

Upgrade Log for IP 'design_1_conv_ip_1_0'

1. Summary
----------

SUCCESS in the upgrade of design_1_conv_ip_1_0 (user.org:user:conv_ip:1.0) from (Rev. 5) to (Rev. 6)






Copyright 1986-2022 Xilinx, Inc. All Rights Reserved. Copyright 2022-2024 Advanced Micro Devices, Inc. All Rights Reserved.
---------------------------------------------------------------------------------------------------------------------------------------------
| Tool Version : Vivado v.2024.2 (lin64) Build 5239630 Fri Nov 08 22:34:34 MST 2024
| Date         : Sun May  4 05:10:48 2025
| Host         : pablo-Sword-17-HX-B14VFKG running 64-bit Ubuntu 24.04.1 LTS
| Command      : upgrade_ip
| Device       : xc7z020clg400-1
---------------------------------------------------------------------------------------------------------------------------------------------

Upgrade Log for IP 'design_1_conv_ip_0_0'

1. Summary
----------

SUCCESS in the upgrade of design_1_conv_ip_0_0 (user.org:user:conv_ip:1.0) from (Rev. 5) to (Rev. 6)






Copyright 1986-2022 Xilinx, Inc. All Rights Reserved. Copyright 2022-2024 Advanced Micro Devices, Inc. All Rights Reserved.
---------------------------------------------------------------------------------------------------------------------------------------------
| Tool Version : Vivado v.2024.2 (lin64) Build 5239630 Fri Nov 08 22:34:34 MST 2024
| Date         : Sun May  4 05:08:48 2025
| Host         : pablo-Sword-17-HX-B14VFKG running 64-bit Ubuntu 24.04.1 LTS
| Command      : upgrade_ip
| Device       : xc7z020clg400-1
---------------------------------------------------------------------------------------------------------------------------------------------

Upgrade Log for IP 'design_1_conv_ip_1_2'

1. Summary
----------

SUCCESS in the upgrade of design_1_conv_ip_1_2 (user.org:user:conv_ip:1.0) from (Rev. 4) to (Rev. 5)






Copyright 1986-2022 Xilinx, Inc. All Rights Reserved. Copyright 2022-2024 Advanced Micro Devices, Inc. All Rights Reserved.
---------------------------------------------------------------------------------------------------------------------------------------------
| Tool Version : Vivado v.2024.2 (lin64) Build 5239630 Fri Nov 08 22:34:34 MST 2024
| Date         : Sun May  4 05:08:47 2025
| Host         : pablo-Sword-17-HX-B14VFKG running 64-bit Ubuntu 24.04.1 LTS
| Command      : upgrade_ip
| Device       : xc7z020clg400-1
---------------------------------------------------------------------------------------------------------------------------------------------

Upgrade Log for IP 'design_1_conv_ip_1_1'

1. Summary
----------

SUCCESS in the upgrade of design_1_conv_ip_1_1 (user.org:user:conv_ip:1.0) from (Rev. 4) to (Rev. 5)






Copyright 1986-2022 Xilinx, Inc. All Rights Reserved. Copyright 2022-2024 Advanced Micro Devices, Inc. All Rights Reserved.
---------------------------------------------------------------------------------------------------------------------------------------------
| Tool Version : Vivado v.2024.2 (lin64) Build 5239630 Fri Nov 08 22:34:34 MST 2024
| Date         : Sun May  4 05:08:47 2025
| Host         : pablo-Sword-17-HX-B14VFKG running 64-bit Ubuntu 24.04.1 LTS
| Command      : upgrade_ip
| Device       : xc7z020clg400-1
---------------------------------------------------------------------------------------------------------------------------------------------

Upgrade Log for IP 'design_1_conv_ip_1_0'

1. Summary
----------

SUCCESS in the upgrade of design_1_conv_ip_1_0 (user.org:user:conv_ip:1.0) from (Rev. 4) to (Rev. 5)






Copyright 1986-2022 Xilinx, Inc. All Rights Reserved. Copyright 2022-2024 Advanced Micro Devices, Inc. All Rights Reserved.
---------------------------------------------------------------------------------------------------------------------------------------------
| Tool Version : Vivado v.2024.2 (lin64) Build 5239630 Fri Nov 08 22:34:34 MST 2024
| Date         : Sun May  4 05:08:47 2025
| Host         : pablo-Sword-17-HX-B14VFKG running 64-bit Ubuntu 24.04.1 LTS
| Command      : upgrade_ip
| Device       : xc7z020clg400-1
---------------------------------------------------------------------------------------------------------------------------------------------

Upgrade Log for IP 'design_1_conv_ip_0_0'

1. Summary
----------

SUCCESS in the upgrade of design_1_conv_ip_0_0 (user.org:user:conv_ip:1.0) from (Rev. 4) to (Rev. 5)






Copyright 1986-2022 Xilinx, Inc. All Rights Reserved. Copyright 2022-2024 Advanced Micro Devices, Inc. All Rights Reserved.
---------------------------------------------------------------------------------------------------------------------------------------------
| Tool Version : Vivado v.2024.2 (lin64) Build 5239630 Fri Nov 08 22:34:34 MST 2024
| Date         : Sun May  4 05:06:41 2025
| Host         : pablo-Sword-17-HX-B14VFKG running 64-bit Ubuntu 24.04.1 LTS
| Command      : upgrade_ip
| Device       : xc7z020clg400-1
---------------------------------------------------------------------------------------------------------------------------------------------

Upgrade Log for IP 'design_1_conv_ip_1_2'

1. Summary
----------

SUCCESS in the upgrade of design_1_conv_ip_1_2 (user.org:user:conv_ip:1.0) from (Rev. 3) to (Rev. 4)






Copyright 1986-2022 Xilinx, Inc. All Rights Reserved. Copyright 2022-2024 Advanced Micro Devices, Inc. All Rights Reserved.
---------------------------------------------------------------------------------------------------------------------------------------------
| Tool Version : Vivado v.2024.2 (lin64) Build 5239630 Fri Nov 08 22:34:34 MST 2024
| Date         : Sun May  4 05:06:41 2025
| Host         : pablo-Sword-17-HX-B14VFKG running 64-bit Ubuntu 24.04.1 LTS
| Command      : upgrade_ip
| Device       : xc7z020clg400-1
---------------------------------------------------------------------------------------------------------------------------------------------

Upgrade Log for IP 'design_1_conv_ip_1_1'

1. Summary
----------

SUCCESS in the upgrade of design_1_conv_ip_1_1 (user.org:user:conv_ip:1.0) from (Rev. 3) to (Rev. 4)






Copyright 1986-2022 Xilinx, Inc. All Rights Reserved. Copyright 2022-2024 Advanced Micro Devices, Inc. All Rights Reserved.
---------------------------------------------------------------------------------------------------------------------------------------------
| Tool Version : Vivado v.2024.2 (lin64) Build 5239630 Fri Nov 08 22:34:34 MST 2024
| Date         : Sun May  4 05:06:40 2025
| Host         : pablo-Sword-17-HX-B14VFKG running 64-bit Ubuntu 24.04.1 LTS
| Command      : upgrade_ip
| Device       : xc7z020clg400-1
---------------------------------------------------------------------------------------------------------------------------------------------

Upgrade Log for IP 'design_1_conv_ip_1_0'

1. Summary
----------

SUCCESS in the upgrade of design_1_conv_ip_1_0 (user.org:user:conv_ip:1.0) from (Rev. 3) to (Rev. 4)






Copyright 1986-2022 Xilinx, Inc. All Rights Reserved. Copyright 2022-2024 Advanced Micro Devices, Inc. All Rights Reserved.
---------------------------------------------------------------------------------------------------------------------------------------------
| Tool Version : Vivado v.2024.2 (lin64) Build 5239630 Fri Nov 08 22:34:34 MST 2024
| Date         : Sun May  4 05:06:40 2025
| Host         : pablo-Sword-17-HX-B14VFKG running 64-bit Ubuntu 24.04.1 LTS
| Command      : upgrade_ip
| Device       : xc7z020clg400-1
---------------------------------------------------------------------------------------------------------------------------------------------

Upgrade Log for IP 'design_1_conv_ip_0_0'

1. Summary
----------

SUCCESS in the upgrade of design_1_conv_ip_0_0 (user.org:user:conv_ip:1.0) from (Rev. 3) to (Rev. 4)

