#-----------------------------------------------------------
# Vivado v2024.2 (64-bit)
# SW Build 5239630 on Fri Nov 08 22:34:34 MST 2024
# IP Build 5239520 on Sun Nov 10 16:12:51 MST 2024
# SharedData Build 5239561 on Fri Nov 08 14:39:27 MST 2024
# Start of session at: Sun May  4 00:58:29 2025
# Process ID         : 151317
# Current directory  : /home/pablo/Documents/HackUPC
# Command line       : vivado
# Log file           : /home/pablo/Documents/HackUPC/vivado.log
# Journal file       : /home/pablo/Documents/HackUPC/vivado.jou
# Running On         : pablo-Sword-17-HX-B14VFKG
# Platform           : Ubuntu
# Operating System   : Ubuntu 24.04.1 LTS
# Processor Detail   : Intel(R) Core(TM) i7-14700HX
# CPU Frequency      : 1018.764 MHz
# CPU Physical cores : 20
# CPU Logical cores  : 28
# Host memory        : 16451 MB
# Swap memory        : 4294 MB
# Total Virtual      : 20746 MB
# Available Virtual  : 12357 MB
#-----------------------------------------------------------
start_gui
WARNING: [Board 49-26] cannot add Board Part xilinx.com:vcu110:part0:1.4 available at /home/pablo/.Xilinx/Vivado/2024.2/xhub/board_store/xilinx_board_store/XilinxBoardStore/Vivado/2024.2/boards/Xilinx/vcu110/1.4/1.4/board.xml as part xcvu190-flgc2104-2-e specified in board_part file is either invalid or not available
WARNING: [Board 49-26] cannot add Board Part xilinx.com:vcu118:part0:2.4 available at /home/pablo/.Xilinx/Vivado/2024.2/xhub/board_store/xilinx_board_store/XilinxBoardStore/Vivado/2024.2/boards/Xilinx/vcu118/2.4/2.4/board.xml as part xcvu9p-flga2104-2l-e specified in board_part file is either invalid or not available
WARNING: [Board 49-26] cannot add Board Part xilinx.com:zcu208ld:part0:2.0 available at /tools/Xilinx/Vivado/2024.2/data/xhub/boards/XilinxBoardStore/boards/Xilinx/zcu208ld/production/2.0/board.xml as part xczu58dr-fsvg1517-2-i specified in board_part file is either invalid or not available
WARNING: [Board 49-26] cannot add Board Part xilinx.com:zcu216ld:part0:2.0 available at /tools/Xilinx/Vivado/2024.2/data/xhub/boards/XilinxBoardStore/boards/Xilinx/zcu216ld/production/2.0/board.xml as part xczu59dr-ffvf1760-2-i specified in board_part file is either invalid or not available
WARNING: [Board 49-26] cannot add Board Part xilinx.com:zcu670ld:part0:1.0 available at /tools/Xilinx/Vivado/2024.2/data/xhub/boards/XilinxBoardStore/boards/Xilinx/zcu670ld/1.0/board.xml as part xczu57dr-fsve1156-2-i specified in board_part file is either invalid or not available
