
*** Running vivado
    with args -log design_1_conv_ip_1_2.vds -m64 -product Vivado -mode batch -messageDb vivado.pb -notrace -source design_1_conv_ip_1_2.tcl


****** Vivado v2024.2 (64-bit)
  **** SW Build 5239630 on Fri Nov 08 22:34:34 MST 2024
  **** IP Build 5239520 on Sun Nov 10 16:12:51 MST 2024
  **** SharedData Build 5239561 on Fri Nov 08 14:39:27 MST 2024
  **** Start of session at: Sun May  4 04:32:14 2025
    ** Copyright 1986-2022 Xilinx, Inc. All Rights Reserved.
    ** Copyright 2022-2024 Advanced Micro Devices, Inc. All Rights Reserved.

source design_1_conv_ip_1_2.tcl -notrace
INFO: [IP_Flow 19-234] Refreshing IP repositories
INFO: [IP_Flow 19-1700] Loaded user IP repository '/home/pablo/Documents/HackUPC/ip_repo/conv_ip_1_0'.
INFO: [IP_Flow 19-2313] Loaded Vivado IP repository '/tools/Xilinx/Vivado/2024.2/data/ip'.
INFO: [IP_Flow 19-6924] IPCACHE: Running cache check for IP inst: design_1_conv_ip_1_2
INFO: [IP_Flow 19-6922] IPCACHE: Exporting cached entry b23121d6312fde3a to dir: /home/pablo/Documents/HackUPC/2d_hw_acc/2d_hw_acc.runs/design_1_conv_ip_1_2_synth_1
INFO: [IP_Flow 19-6928] IPCACHE: copied cached file /home/pablo/Documents/HackUPC/2d_hw_acc/2d_hw_acc.cache/ip/2024.2/b/2/b23121d6312fde3a/design_1_conv_ip_0_0_sim_netlist.vhdl to /home/pablo/Documents/HackUPC/2d_hw_acc/2d_hw_acc.runs/design_1_conv_ip_1_2_synth_1/design_1_conv_ip_1_2_sim_netlist.vhdl.
INFO: [IP_Flow 19-6928] IPCACHE: copied cached file /home/pablo/Documents/HackUPC/2d_hw_acc/2d_hw_acc.cache/ip/2024.2/b/2/b23121d6312fde3a/design_1_conv_ip_0_0_stub.vhdl to /home/pablo/Documents/HackUPC/2d_hw_acc/2d_hw_acc.runs/design_1_conv_ip_1_2_synth_1/design_1_conv_ip_1_2_stub.vhdl.
INFO: [IP_Flow 19-6928] IPCACHE: copied cached file /home/pablo/Documents/HackUPC/2d_hw_acc/2d_hw_acc.cache/ip/2024.2/b/2/b23121d6312fde3a/design_1_conv_ip_0_0_sim_netlist.v to /home/pablo/Documents/HackUPC/2d_hw_acc/2d_hw_acc.runs/design_1_conv_ip_1_2_synth_1/design_1_conv_ip_1_2_sim_netlist.v.
INFO: [IP_Flow 19-6928] IPCACHE: copied cached file /home/pablo/Documents/HackUPC/2d_hw_acc/2d_hw_acc.cache/ip/2024.2/b/2/b23121d6312fde3a/design_1_conv_ip_0_0_stub.v to /home/pablo/Documents/HackUPC/2d_hw_acc/2d_hw_acc.runs/design_1_conv_ip_1_2_synth_1/design_1_conv_ip_1_2_stub.v.
INFO: [IP_Flow 19-6928] IPCACHE: copied cached file /home/pablo/Documents/HackUPC/2d_hw_acc/2d_hw_acc.cache/ip/2024.2/b/2/b23121d6312fde3a/design_1_conv_ip_0_0.dcp to /home/pablo/Documents/HackUPC/2d_hw_acc/2d_hw_acc.runs/design_1_conv_ip_1_2_synth_1/design_1_conv_ip_1_2.dcp.
INFO: [IP_Flow 19-4838] Using cached IP synthesis design for IP design_1_conv_ip_1_2, cache-ID = b23121d6312fde3a.
INFO: [Common 17-206] Exiting Vivado at Sun May  4 04:32:17 2025...
